[16:31:17.227 Verbose] - BuildManager - G:\Adnana\Desktop\Info master\Master An_I\Sem II\Medii si plaforme de dezvoltare\Laboratoare\Tema 8-10\ShoppingLlibrary\DataAccess.cs(1,17): error CS0234: The type or namespace name 'Build' does not exist in the namespace 'Microsoft' (are you missing an assembly reference?)
[16:31:17.232 Verbose] - BuildManager - Some of the file paths defined in the csproj under the Live Unit Testing build path are missing. Verify whether these files should be present under the Live Unit Testing build path and if necessary update the csproj definition to look these files up in a different place.
[16:31:17.233 Verbose] - BuildManager - Item _OutputPathItem 'G:\Adnana\Desktop\Info master\Master An_I\Sem II\Medii si plaforme de dezvoltare\Laboratoare\Tema 8-10\.vs\Shopping Cart\v16\lut\0\b\ShoppingLlibrary\bin\Debug\' evaluated via:
_OutputPathItem: '$(OutDir)' @ C:\Program Files (x86)\Microsoft Visual Studio\2019\Enterprise\MSBuild\Current\Bin\Microsoft.Common.CurrentVersion.targets:272
  OutDir: 'G:\Adnana\Desktop\Info master\Master An_I\Sem II\Medii si plaforme de dezvoltare\Laboratoare\Tema 8-10\.vs\Shopping Cart\v16\lut\0\b\ShoppingLlibrary\bin\Debug\' @ G:\Adnana\Desktop\Info master\Master An_I\Sem II\Medii si plaforme de dezvoltare\Laboratoare\Tema 8-10\ShoppingLlibrary\ShoppingLibrary.csproj:0
[16:31:17.233 Verbose] - BuildManager - Item AppConfigFileDestination 'G:\Adnana\Desktop\Info master\Master An_I\Sem II\Medii si plaforme de dezvoltare\Laboratoare\Tema 8-10\.vs\Shopping Cart\v16\lut\0\b\ShoppingLlibrary\bin\Debug\ShoppingLlibrary.dll.config' evaluated via:
AppConfigFileDestination: '$(OutDir)$(TargetFileName).config' @ C:\Program Files (x86)\Microsoft Visual Studio\2019\Enterprise\MSBuild\Current\Bin\Microsoft.Common.CurrentVersion.targets:303
  OutDir: 'G:\Adnana\Desktop\Info master\Master An_I\Sem II\Medii si plaforme de dezvoltare\Laboratoare\Tema 8-10\.vs\Shopping Cart\v16\lut\0\b\ShoppingLlibrary\bin\Debug\' @ G:\Adnana\Desktop\Info master\Master An_I\Sem II\Medii si plaforme de dezvoltare\Laboratoare\Tema 8-10\ShoppingLlibrary\ShoppingLibrary.csproj:0
  TargetFileName: '$(TargetName)$(TargetExt)' @ C:\Program Files (x86)\Microsoft Visual Studio\2019\Enterprise\MSBuild\Current\Bin\Microsoft.Common.CurrentVersion.targets:212
    TargetName: '$(AssemblyName)' @ C:\Program Files (x86)\Microsoft Visual Studio\2019\Enterprise\MSBuild\Current\Bin\Microsoft.Common.CurrentVersion.targets:204
      AssemblyName: 'ShoppingLlibrary' @ G:\Adnana\Desktop\Info master\Master An_I\Sem II\Medii si plaforme de dezvoltare\Laboratoare\Tema 8-10\ShoppingLlibrary\ShoppingLibrary.csproj:11
    TargetExt: '.dll' @ C:\Program Files (x86)\Microsoft Visual Studio\2019\Enterprise\MSBuild\Current\Bin\Microsoft.Common.CurrentVersion.targets:183
[16:31:17.233 Verbose] - BuildManager - Item _DebugSymbolsOutputPath 'G:\Adnana\Desktop\Info master\Master An_I\Sem II\Medii si plaforme de dezvoltare\Laboratoare\Tema 8-10\.vs\Shopping Cart\v16\lut\0\b\ShoppingLlibrary\bin\Debug\ShoppingLlibrary.pdb' evaluated via:
_DebugSymbolsOutputPath: '@(_DebugSymbolsIntermediatePath->'$(OutDir)%(Filename)%(Extension)')' @ C:\Program Files (x86)\Microsoft Visual Studio\2019\Enterprise\MSBuild\Current\Bin\Microsoft.Common.CurrentVersion.targets:372
  OutDir: 'G:\Adnana\Desktop\Info master\Master An_I\Sem II\Medii si plaforme de dezvoltare\Laboratoare\Tema 8-10\.vs\Shopping Cart\v16\lut\0\b\ShoppingLlibrary\bin\Debug\' @ G:\Adnana\Desktop\Info master\Master An_I\Sem II\Medii si plaforme de dezvoltare\Laboratoare\Tema 8-10\ShoppingLlibrary\ShoppingLibrary.csproj:0
[16:31:17.233 Verbose] - BuildManager - Item _ApplicationManifestFinal 'G:\Adnana\Desktop\Info master\Master An_I\Sem II\Medii si plaforme de dezvoltare\Laboratoare\Tema 8-10\.vs\Shopping Cart\v16\lut\0\b\ShoppingLlibrary\bin\Debug\Native.ShoppingLlibrary.manifest' evaluated via:
_ApplicationManifestFinal: '$(OutDir)$(_DeploymentTargetApplicationManifestFileName)' @ C:\Program Files (x86)\Microsoft Visual Studio\2019\Enterprise\MSBuild\Current\Bin\Microsoft.Common.CurrentVersion.targets:410
  OutDir: 'G:\Adnana\Desktop\Info master\Master An_I\Sem II\Medii si plaforme de dezvoltare\Laboratoare\Tema 8-10\.vs\Shopping Cart\v16\lut\0\b\ShoppingLlibrary\bin\Debug\' @ G:\Adnana\Desktop\Info master\Master An_I\Sem II\Medii si plaforme de dezvoltare\Laboratoare\Tema 8-10\ShoppingLlibrary\ShoppingLibrary.csproj:0
  _DeploymentTargetApplicationManifestFileName: 'Native.$(AssemblyName).manifest' @ C:\Program Files (x86)\Microsoft Visual Studio\2019\Enterprise\MSBuild\Current\Bin\Microsoft.Common.CurrentVersion.targets:228
    AssemblyName: 'ShoppingLlibrary' @ G:\Adnana\Desktop\Info master\Master An_I\Sem II\Medii si plaforme de dezvoltare\Laboratoare\Tema 8-10\ShoppingLlibrary\ShoppingLibrary.csproj:11
